starting build

**********************************************************************

Test build
build xv6 using make

**********************************************************************
Trying to build project using make
make xv6.img fs.img
gcc -fno-pic -static -fno-builtin -fno-strict-aliasing -O2 -Wall -MD -ggdb -m32 -Werror -fno-omit-frame-pointer -fno-stack-protector -fno-pie -no-pie -fno-pic -O -nostdinc -I. -c bootmain.c
gcc -fno-pic -static -fno-builtin -fno-strict-aliasing -O2 -Wall -MD -ggdb -m32 -Werror -fno-omit-frame-pointer -fno-stack-protector -fno-pie -no-pie -fno-pic -nostdinc -I. -c bootasm.S
ld -m    elf_i386 -N -e start -Ttext 0x7C00 -o bootblock.o bootasm.o bootmain.o
objdump -S bootblock.o > bootblock.asm
objcopy -S -O binary -j .text bootblock.o bootblock
./sign.pl bootblock
boot block is 451 bytes (max 510)
gcc -fno-pic -static -fno-builtin -fno-strict-aliasing -O2 -Wall -MD -ggdb -m32 -Werror -fno-omit-frame-pointer -fno-stack-protector -fno-pie -no-pie   -c -o bio.o bio.c
gcc -fno-pic -static -fno-builtin -fno-strict-aliasing -O2 -Wall -MD -ggdb -m32 -Werror -fno-omit-frame-pointer -fno-stack-protector -fno-pie -no-pie   -c -o console.o console.c
gcc -fno-pic -static -fno-builtin -fno-strict-aliasing -O2 -Wall -MD -ggdb -m32 -Werror -fno-omit-frame-pointer -fno-stack-protector -fno-pie -no-pie   -c -o exec.o exec.c
gcc -fno-pic -static -fno-builtin -fno-strict-aliasing -O2 -Wall -MD -ggdb -m32 -Werror -fno-omit-frame-pointer -fno-stack-protector -fno-pie -no-pie   -c -o file.o file.c
gcc -fno-pic -static -fno-builtin -fno-strict-aliasing -O2 -Wall -MD -ggdb -m32 -Werror -fno-omit-frame-pointer -fno-stack-protector -fno-pie -no-pie   -c -o fs.o fs.c
gcc -fno-pic -static -fno-builtin -fno-strict-aliasing -O2 -Wall -MD -ggdb -m32 -Werror -fno-omit-frame-pointer -fno-stack-protector -fno-pie -no-pie   -c -o ide.o ide.c
gcc -fno-pic -static -fno-builtin -fno-strict-aliasing -O2 -Wall -MD -ggdb -m32 -Werror -fno-omit-frame-pointer -fno-stack-protector -fno-pie -no-pie   -c -o ioapic.o ioapic.c
gcc -fno-pic -static -fno-builtin -fno-strict-aliasing -O2 -Wall -MD -ggdb -m32 -Werror -fno-omit-frame-pointer -fno-stack-protector -fno-pie -no-pie   -c -o kalloc.o kalloc.c
gcc -fno-pic -static -fno-builtin -fno-strict-aliasing -O2 -Wall -MD -ggdb -m32 -Werror -fno-omit-frame-pointer -fno-stack-protector -fno-pie -no-pie   -c -o kbd.o kbd.c
gcc -fno-pic -static -fno-builtin -fno-strict-aliasing -O2 -Wall -MD -ggdb -m32 -Werror -fno-omit-frame-pointer -fno-stack-protector -fno-pie -no-pie   -c -o lapic.o lapic.c
gcc -fno-pic -static -fno-builtin -fno-strict-aliasing -O2 -Wall -MD -ggdb -m32 -Werror -fno-omit-frame-pointer -fno-stack-protector -fno-pie -no-pie   -c -o log.o log.c
gcc -fno-pic -static -fno-builtin -fno-strict-aliasing -O2 -Wall -MD -ggdb -m32 -Werror -fno-omit-frame-pointer -fno-stack-protector -fno-pie -no-pie   -c -o main.o main.c
gcc -fno-pic -static -fno-builtin -fno-strict-aliasing -O2 -Wall -MD -ggdb -m32 -Werror -fno-omit-frame-pointer -fno-stack-protector -fno-pie -no-pie   -c -o mp.o mp.c
gcc -fno-pic -static -fno-builtin -fno-strict-aliasing -O2 -Wall -MD -ggdb -m32 -Werror -fno-omit-frame-pointer -fno-stack-protector -fno-pie -no-pie   -c -o picirq.o picirq.c
gcc -fno-pic -static -fno-builtin -fno-strict-aliasing -O2 -Wall -MD -ggdb -m32 -Werror -fno-omit-frame-pointer -fno-stack-protector -fno-pie -no-pie   -c -o pipe.o pipe.c
gcc -fno-pic -static -fno-builtin -fno-strict-aliasing -O2 -Wall -MD -ggdb -m32 -Werror -fno-omit-frame-pointer -fno-stack-protector -fno-pie -no-pie   -c -o proc.o proc.c
gcc -fno-pic -static -fno-builtin -fno-strict-aliasing -O2 -Wall -MD -ggdb -m32 -Werror -fno-omit-frame-pointer -fno-stack-protector -fno-pie -no-pie   -c -o sleeplock.o sleeplock.c
gcc -fno-pic -static -fno-builtin -fno-strict-aliasing -O2 -Wall -MD -ggdb -m32 -Werror -fno-omit-frame-pointer -fno-stack-protector -fno-pie -no-pie   -c -o spinlock.o spinlock.c
gcc -fno-pic -static -fno-builtin -fno-strict-aliasing -O2 -Wall -MD -ggdb -m32 -Werror -fno-omit-frame-pointer -fno-stack-protector -fno-pie -no-pie   -c -o string.o string.c
gcc -m32 -gdwarf-2 -Wa,-divide   -c -o swtch.o swtch.S
gcc -fno-pic -static -fno-builtin -fno-strict-aliasing -O2 -Wall -MD -ggdb -m32 -Werror -fno-omit-frame-pointer -fno-stack-protector -fno-pie -no-pie   -c -o syscall.o syscall.c
gcc -fno-pic -static -fno-builtin -fno-strict-aliasing -O2 -Wall -MD -ggdb -m32 -Werror -fno-omit-frame-pointer -fno-stack-protector -fno-pie -no-pie   -c -o sysfile.o sysfile.c
gcc -fno-pic -static -fno-builtin -fno-strict-aliasing -O2 -Wall -MD -ggdb -m32 -Werror -fno-omit-frame-pointer -fno-stack-protector -fno-pie -no-pie   -c -o sysproc.o sysproc.c
gcc -m32 -gdwarf-2 -Wa,-divide   -c -o trapasm.o trapasm.S
gcc -fno-pic -static -fno-builtin -fno-strict-aliasing -O2 -Wall -MD -ggdb -m32 -Werror -fno-omit-frame-pointer -fno-stack-protector -fno-pie -no-pie   -c -o trap.o trap.c
gcc -fno-pic -static -fno-builtin -fno-strict-aliasing -O2 -Wall -MD -ggdb -m32 -Werror -fno-omit-frame-pointer -fno-stack-protector -fno-pie -no-pie   -c -o uart.o uart.c
./vectors.pl > vectors.S
gcc -m32 -gdwarf-2 -Wa,-divide   -c -o vectors.o vectors.S
gcc -fno-pic -static -fno-builtin -fno-strict-aliasing -O2 -Wall -MD -ggdb -m32 -Werror -fno-omit-frame-pointer -fno-stack-protector -fno-pie -no-pie   -c -o vm.o vm.c
gcc -m32 -gdwarf-2 -Wa,-divide   -c -o entry.o entry.S
gcc -fno-pic -static -fno-builtin -fno-strict-aliasing -O2 -Wall -MD -ggdb -m32 -Werror -fno-omit-frame-pointer -fno-stack-protector -fno-pie -no-pie -fno-pic -nostdinc -I. -c entryother.S
ld -m    elf_i386 -N -e start -Ttext 0x7000 -o bootblockother.o entryother.o
objcopy -S -O binary -j .text bootblockother.o entryother
objdump -S bootblockother.o > entryother.asm
gcc -fno-pic -static -fno-builtin -fno-strict-aliasing -O2 -Wall -MD -ggdb -m32 -Werror -fno-omit-frame-pointer -fno-stack-protector -fno-pie -no-pie -nostdinc -I. -c initcode.S
ld -m    elf_i386 -N -e start -Ttext 0 -o initcode.out initcode.o
objcopy -S -O binary initcode.out initcode
objdump -S initcode.o > initcode.asm
ld -m    elf_i386 -T kernel.ld -o kernel entry.o bio.o console.o exec.o file.o fs.o ide.o ioapic.o kalloc.o kbd.o lapic.o log.o main.o mp.o picirq.o pipe.o proc.o sleeplock.o spinlock.o string.o swtch.o syscall.o sysfile.o sysproc.o trapasm.o trap.o uart.o vectors.o vm.o  -b binary initcode entryother
objdump -S kernel > kernel.asm
objdump -t kernel | sed '1,/SYMBOL TABLE/d; s/ .* / /; /^$/d' > kernel.sym
dd if=/dev/zero of=xv6.img count=10000
10000+0 records in
10000+0 records out
5120000 bytes (5.1 MB, 4.9 MiB) copied, 0.00974344 s, 525 MB/s
dd if=bootblock of=xv6.img conv=notrunc
1+0 records in
1+0 records out
512 bytes copied, 4.166e-05 s, 12.3 MB/s
dd if=kernel of=xv6.img seek=1 conv=notrunc
416+1 records in
416+1 records out
213212 bytes (213 kB, 208 KiB) copied, 0.000328315 s, 649 MB/s
gcc -Werror -Wall -o mkfs mkfs.c
gcc -fno-pic -static -fno-builtin -fno-strict-aliasing -O2 -Wall -MD -ggdb -m32 -Werror -fno-omit-frame-pointer -fno-stack-protector -fno-pie -no-pie   -c -o ulib.o ulib.c
gcc -m32 -gdwarf-2 -Wa,-divide   -c -o usys.o usys.S
gcc -fno-pic -static -fno-builtin -fno-strict-aliasing -O2 -Wall -MD -ggdb -m32 -Werror -fno-omit-frame-pointer -fno-stack-protector -fno-pie -no-pie   -c -o printf.o printf.c
gcc -fno-pic -static -fno-builtin -fno-strict-aliasing -O2 -Wall -MD -ggdb -m32 -Werror -fno-omit-frame-pointer -fno-stack-protector -fno-pie -no-pie   -c -o umalloc.o umalloc.c
gcc -fno-pic -static -fno-builtin -fno-strict-aliasing -O2 -Wall -MD -ggdb -m32 -Werror -fno-omit-frame-pointer -fno-stack-protector -fno-pie -no-pie   -c -o cat.o cat.c
ld -m    elf_i386 -N -e main -Ttext 0 -o _cat cat.o ulib.o usys.o printf.o umalloc.o
objdump -S _cat > cat.asm
objdump -t _cat | sed '1,/SYMBOL TABLE/d; s/ .* / /; /^$/d' > cat.sym
gcc -fno-pic -static -fno-builtin -fno-strict-aliasing -O2 -Wall -MD -ggdb -m32 -Werror -fno-omit-frame-pointer -fno-stack-protector -fno-pie -no-pie   -c -o echo.o echo.c
ld -m    elf_i386 -N -e main -Ttext 0 -o _echo echo.o ulib.o usys.o printf.o umalloc.o
objdump -S _echo > echo.asm
objdump -t _echo | sed '1,/SYMBOL TABLE/d; s/ .* / /; /^$/d' > echo.sym
gcc -fno-pic -static -fno-builtin -fno-strict-aliasing -O2 -Wall -MD -ggdb -m32 -Werror -fno-omit-frame-pointer -fno-stack-protector -fno-pie -no-pie   -c -o forktest.o forktest.c
# forktest has less library code linked in - needs to be small
# in order to be able to max out the proc table.
ld -m    elf_i386 -N -e main -Ttext 0 -o _forktest forktest.o ulib.o usys.o
objdump -S _forktest > forktest.asm
gcc -fno-pic -static -fno-builtin -fno-strict-aliasing -O2 -Wall -MD -ggdb -m32 -Werror -fno-omit-frame-pointer -fno-stack-protector -fno-pie -no-pie   -c -o grep.o grep.c
ld -m    elf_i386 -N -e main -Ttext 0 -o _grep grep.o ulib.o usys.o printf.o umalloc.o
objdump -S _grep > grep.asm
objdump -t _grep | sed '1,/SYMBOL TABLE/d; s/ .* / /; /^$/d' > grep.sym
gcc -fno-pic -static -fno-builtin -fno-strict-aliasing -O2 -Wall -MD -ggdb -m32 -Werror -fno-omit-frame-pointer -fno-stack-protector -fno-pie -no-pie   -c -o init.o init.c
ld -m    elf_i386 -N -e main -Ttext 0 -o _init init.o ulib.o usys.o printf.o umalloc.o
objdump -S _init > init.asm
objdump -t _init | sed '1,/SYMBOL TABLE/d; s/ .* / /; /^$/d' > init.sym
gcc -fno-pic -static -fno-builtin -fno-strict-aliasing -O2 -Wall -MD -ggdb -m32 -Werror -fno-omit-frame-pointer -fno-stack-protector -fno-pie -no-pie   -c -o kill.o kill.c
ld -m    elf_i386 -N -e main -Ttext 0 -o _kill kill.o ulib.o usys.o printf.o umalloc.o
objdump -S _kill > kill.asm
objdump -t _kill | sed '1,/SYMBOL TABLE/d; s/ .* / /; /^$/d' > kill.sym
gcc -fno-pic -static -fno-builtin -fno-strict-aliasing -O2 -Wall -MD -ggdb -m32 -Werror -fno-omit-frame-pointer -fno-stack-protector -fno-pie -no-pie   -c -o ln.o ln.c
ld -m    elf_i386 -N -e main -Ttext 0 -o _ln ln.o ulib.o usys.o printf.o umalloc.o
objdump -S _ln > ln.asm
objdump -t _ln | sed '1,/SYMBOL TABLE/d; s/ .* / /; /^$/d' > ln.sym
gcc -fno-pic -static -fno-builtin -fno-strict-aliasing -O2 -Wall -MD -ggdb -m32 -Werror -fno-omit-frame-pointer -fno-stack-protector -fno-pie -no-pie   -c -o ls.o ls.c
ld -m    elf_i386 -N -e main -Ttext 0 -o _ls ls.o ulib.o usys.o printf.o umalloc.o
objdump -S _ls > ls.asm
objdump -t _ls | sed '1,/SYMBOL TABLE/d; s/ .* / /; /^$/d' > ls.sym
gcc -fno-pic -static -fno-builtin -fno-strict-aliasing -O2 -Wall -MD -ggdb -m32 -Werror -fno-omit-frame-pointer -fno-stack-protector -fno-pie -no-pie   -c -o mkdir.o mkdir.c
ld -m    elf_i386 -N -e main -Ttext 0 -o _mkdir mkdir.o ulib.o usys.o printf.o umalloc.o
objdump -S _mkdir > mkdir.asm
objdump -t _mkdir | sed '1,/SYMBOL TABLE/d; s/ .* / /; /^$/d' > mkdir.sym
gcc -fno-pic -static -fno-builtin -fno-strict-aliasing -O2 -Wall -MD -ggdb -m32 -Werror -fno-omit-frame-pointer -fno-stack-protector -fno-pie -no-pie   -c -o rm.o rm.c
ld -m    elf_i386 -N -e main -Ttext 0 -o _rm rm.o ulib.o usys.o printf.o umalloc.o
objdump -S _rm > rm.asm
objdump -t _rm | sed '1,/SYMBOL TABLE/d; s/ .* / /; /^$/d' > rm.sym
gcc -fno-pic -static -fno-builtin -fno-strict-aliasing -O2 -Wall -MD -ggdb -m32 -Werror -fno-omit-frame-pointer -fno-stack-protector -fno-pie -no-pie   -c -o sh.o sh.c
ld -m    elf_i386 -N -e main -Ttext 0 -o _sh sh.o ulib.o usys.o printf.o umalloc.o
objdump -S _sh > sh.asm
objdump -t _sh | sed '1,/SYMBOL TABLE/d; s/ .* / /; /^$/d' > sh.sym
gcc -fno-pic -static -fno-builtin -fno-strict-aliasing -O2 -Wall -MD -ggdb -m32 -Werror -fno-omit-frame-pointer -fno-stack-protector -fno-pie -no-pie   -c -o stressfs.o stressfs.c
ld -m    elf_i386 -N -e main -Ttext 0 -o _stressfs stressfs.o ulib.o usys.o printf.o umalloc.o
objdump -S _stressfs > stressfs.asm
objdump -t _stressfs | sed '1,/SYMBOL TABLE/d; s/ .* / /; /^$/d' > stressfs.sym
gcc -fno-pic -static -fno-builtin -fno-strict-aliasing -O2 -Wall -MD -ggdb -m32 -Werror -fno-omit-frame-pointer -fno-stack-protector -fno-pie -no-pie   -c -o usertests.o usertests.c
ld -m    elf_i386 -N -e main -Ttext 0 -o _usertests usertests.o ulib.o usys.o printf.o umalloc.o
objdump -S _usertests > usertests.asm
objdump -t _usertests | sed '1,/SYMBOL TABLE/d; s/ .* / /; /^$/d' > usertests.sym
gcc -fno-pic -static -fno-builtin -fno-strict-aliasing -O2 -Wall -MD -ggdb -m32 -Werror -fno-omit-frame-pointer -fno-stack-protector -fno-pie -no-pie   -c -o wc.o wc.c
ld -m    elf_i386 -N -e main -Ttext 0 -o _wc wc.o ulib.o usys.o printf.o umalloc.o
objdump -S _wc > wc.asm
objdump -t _wc | sed '1,/SYMBOL TABLE/d; s/ .* / /; /^$/d' > wc.sym
gcc -fno-pic -static -fno-builtin -fno-strict-aliasing -O2 -Wall -MD -ggdb -m32 -Werror -fno-omit-frame-pointer -fno-stack-protector -fno-pie -no-pie   -c -o zombie.o zombie.c
ld -m    elf_i386 -N -e main -Ttext 0 -o _zombie zombie.o ulib.o usys.o printf.o umalloc.o
objdump -S _zombie > zombie.asm
objdump -t _zombie | sed '1,/SYMBOL TABLE/d; s/ .* / /; /^$/d' > zombie.sym
./mkfs fs.img README _cat _echo _forktest _grep _init _kill _ln _ls _mkdir _rm _sh _stressfs _usertests _wc _zombie 
nmeta 59 (boot, super, log blocks 30 inode blocks 26, bitmap blocks 1) blocks 941 total 1000
balloc: first 644 blocks have been allocated
balloc: write bitmap block at sector 58


test build PASSED
 (build xv6 using make)

starting test_4

**********************************************************************

Test test_4
Places one anonymous map at a fixed address.

**********************************************************************
Running xv6 user progam /home/cs537-1/tests/P4/2_wmap_tests/test_4.c
DEBUG: cmd = ['/home/cs537-1/tests/P4/edit-makefile.sh', '/tmp/tmpw9mdrcsp/p/Makefile', '/tmp/tmpw9mdrcsp/p/Makefile.test']
Trying to build project using make
make xv6.img fs.img
/tmp/tmpw9mdrcsp/p/Makefile
/tmp/tmpw9mdrcsp/p/Makefile.test
make: 'xv6.img' is up to date.
make: 'fs.img' is up to date.
make qemu-nox CPUS=1
gcc -fno-pic -static -fno-builtin -fno-strict-aliasing -O2 -Wall -MD -ggdb -m32 -Werror -fno-omit-frame-pointer -fno-stack-protector -fno-pie -no-pie   -c -o tester.o tester.c
ld -m    elf_i386 -N -e main -Ttext 0 -o _tester tester.o ulib.o usys.o printf.o umalloc.o
objdump -S _tester > tester.asm
objdump -t _tester | sed '1,/SYMBOL TABLE/d; s/ .* / /; /^$/d' > tester.sym
./mkfs fs.img README _cat _echo _forktest _grep _init _kill _ln _ls _tester _mkdir _rm _sh _stressfs _usertests _wc _zombie 
nmeta 59 (boot, super, log blocks 30 inode blocks 26, bitmap blocks 1) blocks 941 total 1000
balloc: first 679 blocks have been allocated
balloc: write bitmap block at sector 58
qemu-system-i386 -nographic -drive file=fs.img,index=1,media=disk,format=raw -drive file=xv6.img,index=0,media=disk,format=raw -smp 1 -m 512 
c[?7l[2J[0mSeaBIOS (version 1.15.0-1)


iPXE (https://ipxe.org) 00:03.0 CA00 PCI2.10 PnP PMM+1FF8B4A0+1FECB4A0 CA00
Press Ctrl-B to configure iPXE (PCI 00:03.0)...                                                                               


Booting from Hard Disk..xv6...
cpu0: starting 0
sb: size 1000 nblocks 941 ninodes 200 nlog 30 logstart 2 inodestart 32 bmap start 58
init: starting sh
$ tester
tester


TEST_4
Initially 0 maps. 	Okay.
Map 1 at 0x60021000 with length 4104. 	Okay.

WMMAP	 SUCCESS


test test_4 PASSED (1 of 1)
 (Places one anonymous map at a fixed address.)

starting test_5

**********************************************************************

Test test_5
Places one anonymous map at a NOT-fixed address.

**********************************************************************
Running xv6 user progam /home/cs537-1/tests/P4/2_wmap_tests/test_5.c
DEBUG: cmd = ['/home/cs537-1/tests/P4/edit-makefile.sh', '/tmp/tmpw9mdrcsp/p/Makefile', '/tmp/tmpw9mdrcsp/p/Makefile.test']
Trying to build project using make
make xv6.img fs.img
/tmp/tmpw9mdrcsp/p/Makefile
/tmp/tmpw9mdrcsp/p/Makefile.test
make: 'xv6.img' is up to date.
make: 'fs.img' is up to date.
make qemu-nox CPUS=1
gcc -fno-pic -static -fno-builtin -fno-strict-aliasing -O2 -Wall -MD -ggdb -m32 -Werror -fno-omit-frame-pointer -fno-stack-protector -fno-pie -no-pie   -c -o tester.o tester.c
ld -m    elf_i386 -N -e main -Ttext 0 -o _tester tester.o ulib.o usys.o printf.o umalloc.o
objdump -S _tester > tester.asm
objdump -t _tester | sed '1,/SYMBOL TABLE/d; s/ .* / /; /^$/d' > tester.sym
./mkfs fs.img README _cat _echo _forktest _grep _init _kill _ln _ls _tester _mkdir _rm _sh _stressfs _usertests _wc _zombie 
nmeta 59 (boot, super, log blocks 30 inode blocks 26, bitmap blocks 1) blocks 941 total 1000
balloc: first 679 blocks have been allocated
balloc: write bitmap block at sector 58
qemu-system-i386 -nographic -drive file=fs.img,index=1,media=disk,format=raw -drive file=xv6.img,index=0,media=disk,format=raw -smp 1 -m 512 
c[?7l[2J[0mSeaBIOS (version 1.15.0-1)


iPXE (https://ipxe.org) 00:03.0 CA00 PCI2.10 PnP PMM+1FF8B4A0+1FECB4A0 CA00
Press Ctrl-B to configure iPXE (PCI 00:03.0)...                                                                               


Booting from Hard Disk..xv6...
cpu0: starting 0
sb: size 1000 nblocks 941 ninodes 200 nlog 30 logstart 2 inodestart 32 bmap start 58
init: starting sh
$ tester
tester


TEST_5
Initially 0 maps. 	Okay.
Map 1 at 0x60000000 with length 4104. 	Okay.

WMMAP	 SUCCESS

test test_5 PASSED (1 of 1)
 (Places one anonymous map at a NOT-fixed address.)

starting test_6

**********************************************************************

Test test_6
Places one filebacked map at a fixed address.

**********************************************************************
Running xv6 user progam /home/cs537-1/tests/P4/2_wmap_tests/test_6.c
DEBUG: cmd = ['/home/cs537-1/tests/P4/edit-makefile.sh', '/tmp/tmpw9mdrcsp/p/Makefile', '/tmp/tmpw9mdrcsp/p/Makefile.test']
Trying to build project using make
make xv6.img fs.img
/tmp/tmpw9mdrcsp/p/Makefile
/tmp/tmpw9mdrcsp/p/Makefile.test
make: 'xv6.img' is up to date.
make: 'fs.img' is up to date.
make qemu-nox CPUS=1
gcc -fno-pic -static -fno-builtin -fno-strict-aliasing -O2 -Wall -MD -ggdb -m32 -Werror -fno-omit-frame-pointer -fno-stack-protector -fno-pie -no-pie   -c -o tester.o tester.c
ld -m    elf_i386 -N -e main -Ttext 0 -o _tester tester.o ulib.o usys.o printf.o umalloc.o
objdump -S _tester > tester.asm
objdump -t _tester | sed '1,/SYMBOL TABLE/d; s/ .* / /; /^$/d' > tester.sym
./mkfs fs.img README _cat _echo _forktest _grep _init _kill _ln _ls _tester _mkdir _rm _sh _stressfs _usertests _wc _zombie 
nmeta 59 (boot, super, log blocks 30 inode blocks 26, bitmap blocks 1) blocks 941 total 1000
balloc: first 682 blocks have been allocated
balloc: write bitmap block at sector 58
qemu-system-i386 -nographic -drive file=fs.img,index=1,media=disk,format=raw -drive file=xv6.img,index=0,media=disk,format=raw -smp 1 -m 512 
c[?7l[2J[0mSeaBIOS (version 1.15.0-1)


iPXE (https://ipxe.org) 00:03.0 CA00 PCI2.10 PnP PMM+1FF8B4A0+1FECB4A0 CA00
Press Ctrl-B to configure iPXE (PCI 00:03.0)...                                                                               


Booting from Hard Disk..xv6...
cpu0: starting 0
sb: size 1000 nblocks 941 ninodes 200 nlog 30 logstart 2 inodestart 32 bmap start 58
init: starting sh
$ tester
tester


TEST_6
Initially 0 maps. 	Okay.
Map 1 at 0x60021000 with length 513. 	Okay.

WMMAP	 SUCCESS


test test_6 PASSED (1 of 1)
 (Places one filebacked map at a fixed address.)

starting test_7

**********************************************************************

Test test_7
Places multiple maps at different addresses.

**********************************************************************
Running xv6 user progam /home/cs537-1/tests/P4/2_wmap_tests/test_7.c
DEBUG: cmd = ['/home/cs537-1/tests/P4/edit-makefile.sh', '/tmp/tmpw9mdrcsp/p/Makefile', '/tmp/tmpw9mdrcsp/p/Makefile.test']
Trying to build project using make
make xv6.img fs.img
/tmp/tmpw9mdrcsp/p/Makefile
/tmp/tmpw9mdrcsp/p/Makefile.test
make: 'xv6.img' is up to date.
make: 'fs.img' is up to date.
make qemu-nox CPUS=1
gcc -fno-pic -static -fno-builtin -fno-strict-aliasing -O2 -Wall -MD -ggdb -m32 -Werror -fno-omit-frame-pointer -fno-stack-protector -fno-pie -no-pie   -c -o tester.o tester.c
ld -m    elf_i386 -N -e main -Ttext 0 -o _tester tester.o ulib.o usys.o printf.o umalloc.o
objdump -S _tester > tester.asm
objdump -t _tester | sed '1,/SYMBOL TABLE/d; s/ .* / /; /^$/d' > tester.sym
./mkfs fs.img README _cat _echo _forktest _grep _init _kill _ln _ls _tester _mkdir _rm _sh _stressfs _usertests _wc _zombie 
nmeta 59 (boot, super, log blocks 30 inode blocks 26, bitmap blocks 1) blocks 941 total 1000
balloc: first 686 blocks have been allocated
balloc: write bitmap block at sector 58
qemu-system-i386 -nographic -drive file=fs.img,index=1,media=disk,format=raw -drive file=xv6.img,index=0,media=disk,format=raw -smp 1 -m 512 
c[?7l[2J[0mSeaBIOS (version 1.15.0-1)


iPXE (https://ipxe.org) 00:03.0 CA00 PCI2.10 PnP PMM+1FF8B4A0+1FECB4A0 CA00
Press Ctrl-B to configure iPXE (PCI 00:03.0)...                                                                               


Booting from Hard Disk..xv6...
cpu0: starting 0
sb: size 1000 nblocks 941 ninodes 200 nlog 30 logstart 2 inodestart 32 bmap start 58
init: starting sh
$ tester
tester


TEST_7
Initially 0 maps. 	Okay.
Map 1 at 0x60021000 with length 513. 	Okay.
Map 2 at 0x60022000 with length 8200. 	Okay.
Cause: `wmap()` did not fail

WMMAP	 FAILED


test test_7 FAILED (0 of 1)
 (Places multiple maps at different addresses.)
 tester failed

starting test_8

**********************************************************************

Test test_8
Places a large number of anonymous maps at fixed and non-fixed addresses

**********************************************************************
Running xv6 user progam /home/cs537-1/tests/P4/2_wmap_tests/test_8.c
DEBUG: cmd = ['/home/cs537-1/tests/P4/edit-makefile.sh', '/tmp/tmpw9mdrcsp/p/Makefile', '/tmp/tmpw9mdrcsp/p/Makefile.test']
Trying to build project using make
make xv6.img fs.img
/tmp/tmpw9mdrcsp/p/Makefile
/tmp/tmpw9mdrcsp/p/Makefile.test
make: 'xv6.img' is up to date.
make: 'fs.img' is up to date.
make qemu-nox CPUS=1
gcc -fno-pic -static -fno-builtin -fno-strict-aliasing -O2 -Wall -MD -ggdb -m32 -Werror -fno-omit-frame-pointer -fno-stack-protector -fno-pie -no-pie   -c -o tester.o tester.c
ld -m    elf_i386 -N -e main -Ttext 0 -o _tester tester.o ulib.o usys.o printf.o umalloc.o
objdump -S _tester > tester.asm
objdump -t _tester | sed '1,/SYMBOL TABLE/d; s/ .* / /; /^$/d' > tester.sym
./mkfs fs.img README _cat _echo _forktest _grep _init _kill _ln _ls _tester _mkdir _rm _sh _stressfs _usertests _wc _zombie 
nmeta 59 (boot, super, log blocks 30 inode blocks 26, bitmap blocks 1) blocks 941 total 1000
balloc: first 682 blocks have been allocated
balloc: write bitmap block at sector 58
qemu-system-i386 -nographic -drive file=fs.img,index=1,media=disk,format=raw -drive file=xv6.img,index=0,media=disk,format=raw -smp 1 -m 512 
c[?7l[2J[0mSeaBIOS (version 1.15.0-1)


iPXE (https://ipxe.org) 00:03.0 CA00 PCI2.10 PnP PMM+1FF8B4A0+1FECB4A0 CA00
Press Ctrl-B to configure iPXE (PCI 00:03.0)...                                                                               


Booting from Hard Disk..xv6...
cpu0: starting 0
sb: size 1000 nblocks 941 ninodes 200 nlog 30 logstart 2 inodestart 32 bmap start 58
init: starting sh
$ tester
tester


TEST_8
Maximum #allocatable pages: 131072
Initially 0 maps. 	Okay.
Map 1 is placed at 0x60021000. 	Okay.
Map 2 is placed at 0x60000000. 	Okay.
Map 3 is placed at 0x607D2000. 	Okay.
Map 4 is placed at 0x61774000. 	Okay.
Map 5 is placed at 0x62EE6000. 	Okay.
Map 6 is placed at 0x64E28000. 	Okay.
Map 7 is placed at 0x6753A000. 	Okay.
Map 8 is placed at 0x6A41C000. 	Okay.
Map 9 is placed at 0x6A41E000. 	Okay.
Map 10 is placed at 0x6A420000. 	Okay.
Cause: Map 1 overlaps with Map 2

WMMAP	 FAILED


test test_8 FAILED (0 of 1)
 (Places a large number of anonymous maps at fixed and non-fixed addresses)
 tester failed

starting test_9

**********************************************************************

Test test_9
access anonymous map (checks for memory allocation)

**********************************************************************
Running xv6 user progam /home/cs537-1/tests/P4/2_wmap_tests/test_9.c
DEBUG: cmd = ['/home/cs537-1/tests/P4/edit-makefile.sh', '/tmp/tmpw9mdrcsp/p/Makefile', '/tmp/tmpw9mdrcsp/p/Makefile.test']
Trying to build project using make
make xv6.img fs.img
/tmp/tmpw9mdrcsp/p/Makefile
/tmp/tmpw9mdrcsp/p/Makefile.test
make: 'xv6.img' is up to date.
make: 'fs.img' is up to date.
make qemu-nox CPUS=1
gcc -fno-pic -static -fno-builtin -fno-strict-aliasing -O2 -Wall -MD -ggdb -m32 -Werror -fno-omit-frame-pointer -fno-stack-protector -fno-pie -no-pie   -c -o tester.o tester.c
[01m[Ktester.c:[m[K In function ‘[01m[Kmain[m[K’:
[01m[Ktester.c:137:5:[m[K [01;31m[Kerror: [m[Kimplicit declaration of function ‘[01m[Kgetpgdirinfo[m[K’ [[01;31m[K]8;;https://gcc.gnu.org/onlinedocs/gcc/Warning-Options.html#index-Wimplicit-function-declaration-Werror=implicit-function-declaration]8;;[m[K]
  137 |     [01;31m[Kgetpgdirinfo[m[K(&pinfo);
      |     [01;31m[K^~~~~~~~~~~~[m[K
cc1: all warnings being treated as errors
make: *** [<builtin>: tester.o] Error 1
Traceback (most recent call last):
  File "/home/cs537-1/tests/P4/testing/pexpect.py", line 828, in read_nonblocking
    s = os.read(self.child_fd, size)
OSError: [Errno 5] Input/output error

During handling of the above exception, another exception occurred:

Traceback (most recent call last):
  File "/home/cs537-1/tests/P4/testing/pexpect.py", line 1377, in expect_loop
    c = self.read_nonblocking (self.maxread, timeout)
  File "/home/cs537-1/tests/P4/testing/pexpect.py", line 829, in read_nonblocking
    except OSError(e): # Linux does this
TypeError: catching classes that do not inherit from BaseException is not allowed

During handling of the above exception, another exception occurred:

NameError: name 'e' is not defined


test test_9 FAILED (0 of 1)
 (access anonymous map (checks for memory allocation))
 Unexpected exception name 'e' is not defined

starting test_10

**********************************************************************

Test test_10
access one big filebacked map (checks for memory allocation)

**********************************************************************
Running xv6 user progam /home/cs537-1/tests/P4/2_wmap_tests/test_10.c
DEBUG: cmd = ['/home/cs537-1/tests/P4/edit-makefile.sh', '/tmp/tmpw9mdrcsp/p/Makefile', '/tmp/tmpw9mdrcsp/p/Makefile.test']
Trying to build project using make
make xv6.img fs.img
/tmp/tmpw9mdrcsp/p/Makefile
/tmp/tmpw9mdrcsp/p/Makefile.test
make: 'xv6.img' is up to date.
make: 'fs.img' is up to date.
make qemu-nox CPUS=1
gcc -fno-pic -static -fno-builtin -fno-strict-aliasing -O2 -Wall -MD -ggdb -m32 -Werror -fno-omit-frame-pointer -fno-stack-protector -fno-pie -no-pie   -c -o tester.o tester.c
[01m[Ktester.c:[m[K In function ‘[01m[Kmain[m[K’:
[01m[Ktester.c:186:5:[m[K [01;31m[Kerror: [m[Kimplicit declaration of function ‘[01m[Kgetpgdirinfo[m[K’ [[01;31m[K]8;;https://gcc.gnu.org/onlinedocs/gcc/Warning-Options.html#index-Wimplicit-function-declaration-Werror=implicit-function-declaration]8;;[m[K]
  186 |     [01;31m[Kgetpgdirinfo[m[K(&pinfo);
      |     [01;31m[K^~~~~~~~~~~~[m[K
cc1: all warnings being treated as errors
make: *** [<builtin>: tester.o] Error 1
Traceback (most recent call last):
  File "/home/cs537-1/tests/P4/testing/pexpect.py", line 828, in read_nonblocking
    s = os.read(self.child_fd, size)
OSError: [Errno 5] Input/output error

During handling of the above exception, another exception occurred:

Traceback (most recent call last):
  File "/home/cs537-1/tests/P4/testing/pexpect.py", line 1377, in expect_loop
    c = self.read_nonblocking (self.maxread, timeout)
  File "/home/cs537-1/tests/P4/testing/pexpect.py", line 829, in read_nonblocking
    except OSError(e): # Linux does this
TypeError: catching classes that do not inherit from BaseException is not allowed

During handling of the above exception, another exception occurred:

NameError: name 'e' is not defined


test test_10 FAILED (0 of 1)
 (access one big filebacked map (checks for memory allocation))
 Unexpected exception name 'e' is not defined

starting test_11

**********************************************************************

Test test_11
Places a large number of anonymous maps at fixed and non-fixed addresses and then accesses all pages of each map.

**********************************************************************
Running xv6 user progam /home/cs537-1/tests/P4/2_wmap_tests/test_11.c
DEBUG: cmd = ['/home/cs537-1/tests/P4/edit-makefile.sh', '/tmp/tmpw9mdrcsp/p/Makefile', '/tmp/tmpw9mdrcsp/p/Makefile.test']
Trying to build project using make
make xv6.img fs.img
/tmp/tmpw9mdrcsp/p/Makefile
/tmp/tmpw9mdrcsp/p/Makefile.test
make: 'xv6.img' is up to date.
make: 'fs.img' is up to date.
make qemu-nox CPUS=1
gcc -fno-pic -static -fno-builtin -fno-strict-aliasing -O2 -Wall -MD -ggdb -m32 -Werror -fno-omit-frame-pointer -fno-stack-protector -fno-pie -no-pie   -c -o tester.o tester.c
ld -m    elf_i386 -N -e main -Ttext 0 -o _tester tester.o ulib.o usys.o printf.o umalloc.o
objdump -S _tester > tester.asm
objdump -t _tester | sed '1,/SYMBOL TABLE/d; s/ .* / /; /^$/d' > tester.sym
./mkfs fs.img README _cat _echo _forktest _grep _init _kill _ln _ls _tester _mkdir _rm _sh _stressfs _usertests _wc _zombie 
nmeta 59 (boot, super, log blocks 30 inode blocks 26, bitmap blocks 1) blocks 941 total 1000
balloc: first 685 blocks have been allocated
balloc: write bitmap block at sector 58
qemu-system-i386 -nographic -drive file=fs.img,index=1,media=disk,format=raw -drive file=xv6.img,index=0,media=disk,format=raw -smp 1 -m 512 
c[?7l[2J[0mSeaBIOS (version 1.15.0-1)


iPXE (https://ipxe.org) 00:03.0 CA00 PCI2.10 PnP PMM+1FF8B4A0+1FECB4A0 CA00
Press Ctrl-B to configure iPXE (PCI 00:03.0)...                                                                               


Booting from Hard Disk..xv6...
cpu0: starting 0
sb: size 1000 nblocks 941 ninodes 200 nlog 30 logstart 2 inodestart 32 bmap start 58
init: starting sh
$ tester
tester


TEST_11
Maximum #allocatable pages: 131072
Initially 0 maps. 	Okay.
Map 1 is placed at 0x60021000. 	Okay.
Map 2 is placed at 0x60000000. 	Okay.
Map 3 is placed at 0x607D2000. 	Okay.
Map 4 is placed at 0x61774000. 	Okay.
Map 5 is placed at 0x62EE6000. 	Okay.
Map 6 is placed at 0x64E28000. 	Okay.
Map 7 is placed at 0x6753A000. 	Okay.
Map 8 is placed at 0x6A41C000. 	Okay.
Map 9 is placed at 0x6A41E000. 	Okay.
Map 10 is placed at 0x6A420000. 	Okay.
Cause: Map 1 overlaps with Map 2

WMMAP	 FAILED


test test_11 FAILED (0 of 1)
 (Places a large number of anonymous maps at fixed and non-fixed addresses and then accesses all pages of each map.)
 tester failed

starting test_12

**********************************************************************

Test test_12
Checks for lazy allocation in fixed anon mapping

**********************************************************************
Running xv6 user progam /home/cs537-1/tests/P4/2_wmap_tests/test_12.c
DEBUG: cmd = ['/home/cs537-1/tests/P4/edit-makefile.sh', '/tmp/tmpw9mdrcsp/p/Makefile', '/tmp/tmpw9mdrcsp/p/Makefile.test']
Trying to build project using make
make xv6.img fs.img
/tmp/tmpw9mdrcsp/p/Makefile
/tmp/tmpw9mdrcsp/p/Makefile.test
make: 'xv6.img' is up to date.
make: 'fs.img' is up to date.
make qemu-nox CPUS=1
gcc -fno-pic -static -fno-builtin -fno-strict-aliasing -O2 -Wall -MD -ggdb -m32 -Werror -fno-omit-frame-pointer -fno-stack-protector -fno-pie -no-pie   -c -o tester.o tester.c
[01m[Ktester.c:[m[K In function ‘[01m[Kget_n_validate_pgdirinfo[m[K’:
[01m[Ktester.c:51:15:[m[K [01;31m[Kerror: [m[Kimplicit declaration of function ‘[01m[Kgetpgdirinfo[m[K’ [[01;31m[K]8;;https://gcc.gnu.org/onlinedocs/gcc/Warning-Options.html#index-Wimplicit-function-declaration-Werror=implicit-function-declaration]8;;[m[K]
   51 |     int ret = [01;31m[Kgetpgdirinfo[m[K(info);
      |               [01;31m[K^~~~~~~~~~~~[m[K
cc1: all warnings being treated as errors
make: *** [<builtin>: tester.o] Error 1
Traceback (most recent call last):
  File "/home/cs537-1/tests/P4/testing/pexpect.py", line 828, in read_nonblocking
    s = os.read(self.child_fd, size)
OSError: [Errno 5] Input/output error

During handling of the above exception, another exception occurred:

Traceback (most recent call last):
  File "/home/cs537-1/tests/P4/testing/pexpect.py", line 1377, in expect_loop
    c = self.read_nonblocking (self.maxread, timeout)
  File "/home/cs537-1/tests/P4/testing/pexpect.py", line 829, in read_nonblocking
    except OSError(e): # Linux does this
TypeError: catching classes that do not inherit from BaseException is not allowed

During handling of the above exception, another exception occurred:

NameError: name 'e' is not defined


test test_12 FAILED (0 of 1)
 (Checks for lazy allocation in fixed anon mapping)
 Unexpected exception name 'e' is not defined

starting test_13

**********************************************************************

Test test_13
Checks for lazy allocation in fixed filebacked mapping

**********************************************************************
Running xv6 user progam /home/cs537-1/tests/P4/2_wmap_tests/test_13.c
DEBUG: cmd = ['/home/cs537-1/tests/P4/edit-makefile.sh', '/tmp/tmpw9mdrcsp/p/Makefile', '/tmp/tmpw9mdrcsp/p/Makefile.test']
Trying to build project using make
make xv6.img fs.img
/tmp/tmpw9mdrcsp/p/Makefile
/tmp/tmpw9mdrcsp/p/Makefile.test
make: 'xv6.img' is up to date.
make: 'fs.img' is up to date.
make qemu-nox CPUS=1
gcc -fno-pic -static -fno-builtin -fno-strict-aliasing -O2 -Wall -MD -ggdb -m32 -Werror -fno-omit-frame-pointer -fno-stack-protector -fno-pie -no-pie   -c -o tester.o tester.c
[01m[Ktester.c:[m[K In function ‘[01m[Kget_n_validate_pgdirinfo[m[K’:
[01m[Ktester.c:51:15:[m[K [01;31m[Kerror: [m[Kimplicit declaration of function ‘[01m[Kgetpgdirinfo[m[K’ [[01;31m[K]8;;https://gcc.gnu.org/onlinedocs/gcc/Warning-Options.html#index-Wimplicit-function-declaration-Werror=implicit-function-declaration]8;;[m[K]
   51 |     int ret = [01;31m[Kgetpgdirinfo[m[K(info);
      |               [01;31m[K^~~~~~~~~~~~[m[K
cc1: all warnings being treated as errors
make: *** [<builtin>: tester.o] Error 1
Traceback (most recent call last):
  File "/home/cs537-1/tests/P4/testing/pexpect.py", line 828, in read_nonblocking
    s = os.read(self.child_fd, size)
OSError: [Errno 5] Input/output error

During handling of the above exception, another exception occurred:

Traceback (most recent call last):
  File "/home/cs537-1/tests/P4/testing/pexpect.py", line 1377, in expect_loop
    c = self.read_nonblocking (self.maxread, timeout)
  File "/home/cs537-1/tests/P4/testing/pexpect.py", line 829, in read_nonblocking
    except OSError(e): # Linux does this
TypeError: catching classes that do not inherit from BaseException is not allowed

During handling of the above exception, another exception occurred:

NameError: name 'e' is not defined


test test_13 FAILED (0 of 1)
 (Checks for lazy allocation in fixed filebacked mapping)
 Unexpected exception name 'e' is not defined

**********************************************************************
Summary:
test build PASSED
 (build xv6 using make)

test test_4 PASSED (1 of 1)
 (Places one anonymous map at a fixed address.)

test test_5 PASSED (1 of 1)
 (Places one anonymous map at a NOT-fixed address.)

test test_6 PASSED (1 of 1)
 (Places one filebacked map at a fixed address.)

test test_7 FAILED (0 of 1)
 (Places multiple maps at different addresses.)
 tester failed

test test_8 FAILED (0 of 1)
 (Places a large number of anonymous maps at fixed and non-fixed addresses)
 tester failed

test test_9 FAILED (0 of 1)
 (access anonymous map (checks for memory allocation))
 Unexpected exception name 'e' is not defined

test test_10 FAILED (0 of 1)
 (access one big filebacked map (checks for memory allocation))
 Unexpected exception name 'e' is not defined

test test_11 FAILED (0 of 1)
 (Places a large number of anonymous maps at fixed and non-fixed addresses and then accesses all pages of each map.)
 tester failed

test test_12 FAILED (0 of 1)
 (Checks for lazy allocation in fixed anon mapping)
 Unexpected exception name 'e' is not defined

test test_13 FAILED (0 of 1)
 (Checks for lazy allocation in fixed filebacked mapping)
 Unexpected exception name 'e' is not defined

Passed 4 of 11 tests.
Overall 4 of 11
Points 3 of 10
